<?xml version="1.0" encoding="UTF-8"?>
<Site BuildName="(empty)"
	BuildStamp="20190914-2200-Experimental"
	Name="(empty)"
	Generator="ctest-3.13.4"
	CompilerName=""
	CompilerVersion=""
	OSName="Linux"
	Hostname="cris"
	OSRelease="5.0.0-27-generic"
	OSVersion="#28-Ubuntu SMP Tue Aug 20 19:53:07 UTC 2019"
	OSPlatform="x86_64"
	Is64Bits="1"
	VendorString="GenuineIntel"
	VendorID="Intel Corporation"
	FamilyID="6"
	ModelID="142"
	ProcessorCacheSize="8192"
	NumberOfLogicalCPU="8"
	NumberOfPhysicalCPU="4"
	TotalVirtualMemory="1963"
	TotalPhysicalMemory="15915"
	LogicalProcessorsPerPhysical="2"
	ProcessorClockFrequency="1297.69"
	>
	<Testing>
		<StartDateTime>Sep 14 17:19 CDT</StartDateTime>
		<StartTestTime>1568499577</StartTestTime>
		<TestList/>
		<EndDateTime>Sep 14 17:19 CDT</EndDateTime>
		<EndTestTime>1568499577</EndTestTime>
		<ElapsedMinutes>0</ElapsedMinutes>
	</Testing>
</Site>
